{
  "RSpec": {
    "coverage": {
      "E:/rails/Artist-Directory/artist_directory/app/models/user.rb": {
        "lines": [
          null,
          null,
          null,
          1,
          null,
          null,
          1,
          null,
          null,
          1,
          null,
          null,
          1,
          null,
          null,
          null,
          null,
          1,
          null,
          1,
          null,
          1,
          121,
          null,
          null
        ]
      },
      "E:/rails/Artist-Directory/artist_directory/app/models/application_record.rb": {
        "lines": [
          null,
          null,
          null,
          1,
          1,
          null
        ]
      },
      "E:/rails/Artist-Directory/artist_directory/app/helpers/application_helper.rb": {
        "lines": [
          null,
          null,
          null,
          1,
          null
        ]
      },
      "E:/rails/Artist-Directory/artist_directory/app/helpers/artists_helper.rb": {
        "lines": [
          null,
          null,
          null,
          1,
          null
        ]
      },
      "E:/rails/Artist-Directory/artist_directory/app/helpers/categories_helper.rb": {
        "lines": [
          null,
          null,
          null,
          1,
          null
        ]
      },
      "E:/rails/Artist-Directory/artist_directory/app/helpers/comments_helper.rb": {
        "lines": [
          null,
          null,
          null,
          1,
          null
        ]
      },
      "E:/rails/Artist-Directory/artist_directory/app/helpers/requests_helper.rb": {
        "lines": [
          null,
          null,
          null,
          1,
          null
        ]
      },
      "E:/rails/Artist-Directory/artist_directory/app/helpers/videos_helper.rb": {
        "lines": [
          null,
          null,
          null,
          1,
          1,
          null,
          null,
          1,
          1,
          null,
          null,
          null,
          1,
          2,
          2,
          2,
          null,
          0,
          null,
          null,
          null,
          1,
          0,
          null,
          0,
          null,
          null,
          null,
          0,
          null,
          null,
          null,
          null,
          1,
          2,
          2,
          2,
          null,
          null,
          null,
          1,
          0,
          0,
          null,
          0,
          0,
          null,
          0,
          null,
          null,
          null,
          null,
          null,
          null,
          1,
          2,
          0,
          2,
          0,
          null,
          null,
          null
        ]
      },
      "E:/rails/Artist-Directory/artist_directory/app/models/artist.rb": {
        "lines": [
          null,
          null,
          null,
          1,
          1,
          1,
          1,
          1,
          1,
          1,
          1,
          1,
          1,
          null,
          1,
          70,
          null,
          null,
          1,
          90,
          null,
          null,
          1,
          null,
          1,
          69,
          69,
          null,
          68,
          null,
          null,
          1,
          69,
          69,
          null,
          68,
          68,
          null,
          null,
          null
        ]
      },
      "E:/rails/Artist-Directory/artist_directory/app/models/category.rb": {
        "lines": [
          null,
          null,
          null,
          1,
          1,
          1,
          1,
          10,
          null,
          null
        ]
      },
      "E:/rails/Artist-Directory/artist_directory/app/models/comment.rb": {
        "lines": [
          null,
          null,
          null,
          1,
          1,
          1,
          1,
          1,
          1,
          1,
          1,
          null,
          1,
          1,
          null,
          null,
          1,
          null,
          1,
          27,
          null,
          null
        ]
      },
      "E:/rails/Artist-Directory/artist_directory/app/controllers/requests_controller.rb": {
        "lines": [
          null,
          null,
          null,
          1,
          1,
          1,
          2,
          null,
          null
        ]
      },
      "E:/rails/Artist-Directory/artist_directory/app/controllers/application_controller.rb": {
        "lines": [
          null,
          null,
          null,
          1,
          1,
          null,
          1,
          43,
          null,
          null,
          1,
          31,
          null,
          null
        ]
      },
      "E:/rails/Artist-Directory/artist_directory/app/controllers/artists_controller.rb": {
        "lines": [
          null,
          null,
          null,
          1,
          1,
          1,
          1,
          1,
          null,
          null,
          1,
          5,
          5,
          4,
          null,
          1,
          null,
          null,
          null,
          null,
          null,
          null,
          null,
          null,
          null,
          null,
          null,
          null,
          null,
          null,
          1,
          2,
          null,
          null,
          null,
          1,
          1,
          null,
          null,
          null,
          1,
          null,
          null,
          1,
          2,
          2,
          2,
          2,
          1,
          null,
          2,
          1,
          null,
          null,
          null,
          null,
          null,
          1,
          2,
          2,
          2,
          1,
          null,
          2,
          1,
          null,
          null,
          null,
          null,
          null,
          1,
          1,
          null,
          1,
          2,
          1,
          null,
          null,
          null,
          1,
          1,
          null,
          null,
          1,
          1,
          1,
          null,
          1,
          1,
          2,
          null,
          null,
          null,
          1,
          null,
          null,
          1,
          9,
          null,
          null,
          null,
          1,
          4,
          null,
          null,
          null,
          1,
          21,
          null,
          null
        ]
      },
      "E:/rails/Artist-Directory/artist_directory/app/mailers/artist_mailer.rb": {
        "lines": [
          null,
          null,
          null,
          1,
          null,
          null,
          null,
          null,
          null,
          1,
          1,
          1,
          1,
          1,
          null,
          1,
          null,
          null,
          null,
          null,
          null,
          null
        ]
      },
      "E:/rails/Artist-Directory/artist_directory/app/mailers/application_mailer.rb": {
        "lines": [
          null,
          null,
          null,
          1,
          1,
          1,
          null
        ]
      },
      "E:/rails/Artist-Directory/artist_directory/app/controllers/categories_controller.rb": {
        "lines": [
          null,
          null,
          null,
          1,
          1,
          1,
          null,
          null,
          1,
          1,
          null,
          null,
          null,
          1,
          null,
          null,
          1,
          1,
          null,
          null,
          null,
          1,
          null,
          null,
          1,
          2,
          null,
          2,
          2,
          2,
          1,
          null,
          2,
          1,
          null,
          null,
          null,
          null,
          null,
          1,
          2,
          2,
          2,
          1,
          null,
          2,
          1,
          null,
          null,
          null,
          null,
          null,
          1,
          1,
          null,
          1,
          2,
          1,
          null,
          null,
          null,
          1,
          null,
          null,
          1,
          7,
          null,
          null,
          null,
          1,
          4,
          null,
          null
        ]
      },
      "E:/rails/Artist-Directory/artist_directory/app/controllers/comments_controller.rb": {
        "lines": [
          null,
          null,
          null,
          1,
          1,
          1,
          1,
          3,
          3,
          3,
          3,
          3,
          4,
          null,
          2,
          null,
          null,
          null,
          null,
          1,
          1,
          1,
          1,
          1,
          null,
          null,
          1,
          1,
          1,
          1,
          null,
          null,
          1,
          1,
          1,
          1,
          null,
          null,
          1,
          null,
          1,
          3,
          null,
          null
        ]
      },
      "E:/rails/Artist-Directory/artist_directory/app/channels/application_cable/channel.rb": {
        "lines": [
          null,
          null,
          0,
          0,
          0,
          0
        ],
        "branches": {
        }
      },
      "E:/rails/Artist-Directory/artist_directory/app/channels/application_cable/connection.rb": {
        "lines": [
          null,
          null,
          0,
          0,
          0,
          0
        ],
        "branches": {
        }
      },
      "E:/rails/Artist-Directory/artist_directory/app/jobs/application_job.rb": {
        "lines": [
          null,
          null,
          0,
          null,
          null,
          null,
          null,
          null,
          0
        ],
        "branches": {
        }
      }
    },
    "timestamp": 1695653502
  }
}
