{
  "RSpec": {
    "coverage": {
      "E:/rails/Artist-Directory/artist_directory/app/models/user.rb": {
        "lines": [
          null,
          null,
          null,
          1,
          null,
          null,
          1,
          null,
          null,
          1,
          null,
          1,
          null,
          1,
          null,
          null,
          null,
          null,
          1,
          null,
          1,
          null,
          1,
          135,
          null,
          null,
          1,
          null,
          1,
          399,
          null,
          null
        ]
      },
      "E:/rails/Artist-Directory/artist_directory/app/models/application_record.rb": {
        "lines": [
          null,
          null,
          null,
          1,
          1,
          null
        ]
      },
      "E:/rails/Artist-Directory/artist_directory/app/helpers/application_helper.rb": {
        "lines": [
          null,
          null,
          null,
          1,
          null
        ]
      },
      "E:/rails/Artist-Directory/artist_directory/app/helpers/artists_helper.rb": {
        "lines": [
          null,
          null,
          null,
          1,
          null
        ]
      },
      "E:/rails/Artist-Directory/artist_directory/app/helpers/categories_helper.rb": {
        "lines": [
          null,
          null,
          null,
          1,
          null
        ]
      },
      "E:/rails/Artist-Directory/artist_directory/app/helpers/comments_helper.rb": {
        "lines": [
          null,
          null,
          null,
          1,
          null
        ]
      },
      "E:/rails/Artist-Directory/artist_directory/app/helpers/requests_helper.rb": {
        "lines": [
          null,
          null,
          null,
          1,
          null
        ]
      },
      "E:/rails/Artist-Directory/artist_directory/app/helpers/videos_helper.rb": {
        "lines": [
          null,
          null,
          null,
          1,
          1,
          null,
          null,
          1,
          1,
          null,
          null,
          null,
          1,
          4,
          4,
          4,
          null,
          4,
          null,
          null,
          null,
          1,
          2,
          null,
          2,
          null,
          null,
          null,
          2,
          null,
          null,
          null,
          null,
          1,
          2,
          2,
          2,
          null,
          null,
          null,
          1,
          0,
          0,
          null,
          0,
          0,
          null,
          0,
          null,
          null,
          null,
          null,
          null,
          null,
          1,
          2,
          0,
          2,
          2,
          null,
          null,
          null
        ]
      },
      "E:/rails/Artist-Directory/artist_directory/app/models/artist.rb": {
        "lines": [
          null,
          null,
          null,
          1,
          1,
          1,
          1,
          1,
          1,
          1,
          1,
          1,
          1,
          1,
          1,
          1,
          1,
          1,
          1,
          null,
          1,
          98,
          null,
          null,
          1,
          126,
          null,
          null,
          1,
          null,
          1,
          77,
          77,
          null,
          76,
          null,
          null,
          1,
          77,
          77,
          null,
          76,
          76,
          null,
          null,
          null,
          1,
          58,
          null,
          null,
          1,
          77,
          null,
          76,
          76,
          null,
          null,
          null,
          1,
          76,
          76,
          null,
          null
        ]
      },
      "E:/rails/Artist-Directory/artist_directory/app/models/category.rb": {
        "lines": [
          null,
          null,
          null,
          1,
          1,
          1,
          1,
          14,
          null,
          null
        ]
      },
      "E:/rails/Artist-Directory/artist_directory/app/models/comment.rb": {
        "lines": [
          null,
          null,
          null,
          1,
          1,
          1,
          1,
          1,
          1,
          1,
          1,
          null,
          1,
          1,
          null,
          null,
          1,
          null,
          1,
          30,
          null,
          null
        ]
      },
      "E:/rails/Artist-Directory/artist_directory/app/models/link.rb": {
        "lines": [
          null,
          null,
          null,
          1,
          1,
          null
        ]
      },
      "E:/rails/Artist-Directory/artist_directory/app/controllers/requests_controller.rb": {
        "lines": [
          null,
          null,
          null,
          1,
          1,
          1,
          2,
          null,
          null
        ]
      },
      "E:/rails/Artist-Directory/artist_directory/app/controllers/application_controller.rb": {
        "lines": [
          null,
          null,
          null,
          1,
          1,
          null,
          1,
          50,
          null,
          null,
          1,
          31,
          null,
          null
        ]
      },
      "E:/rails/Artist-Directory/artist_directory/app/controllers/artists_controller.rb": {
        "lines": [
          null,
          null,
          null,
          1,
          1,
          1,
          1,
          1,
          null,
          null,
          1,
          7,
          7,
          null,
          null,
          7,
          null,
          null,
          null,
          7,
          null,
          null,
          7,
          2,
          null,
          null,
          null,
          7,
          null,
          7,
          null,
          4,
          null,
          null,
          null,
          null,
          null,
          null,
          null,
          null,
          null,
          null,
          null,
          null,
          1,
          2,
          null,
          null,
          null,
          1,
          1,
          1,
          null,
          null,
          null,
          1,
          null,
          null,
          1,
          2,
          2,
          2,
          2,
          1,
          null,
          2,
          1,
          null,
          null,
          null,
          null,
          null,
          1,
          2,
          2,
          2,
          1,
          null,
          2,
          1,
          null,
          null,
          null,
          null,
          null,
          1,
          1,
          null,
          1,
          2,
          1,
          null,
          null,
          null,
          1,
          1,
          null,
          null,
          1,
          1,
          1,
          null,
          1,
          1,
          2,
          null,
          null,
          null,
          1,
          null,
          null,
          1,
          9,
          null,
          null,
          null,
          1,
          4,
          null,
          null,
          null,
          1,
          23,
          null,
          null
        ]
      },
      "E:/rails/Artist-Directory/artist_directory/app/mailers/artist_mailer.rb": {
        "lines": [
          null,
          null,
          null,
          1,
          null,
          null,
          null,
          null,
          null,
          1,
          1,
          1,
          1,
          null,
          1,
          null,
          null,
          null,
          null,
          null,
          null
        ]
      },
      "E:/rails/Artist-Directory/artist_directory/app/mailers/application_mailer.rb": {
        "lines": [
          null,
          null,
          null,
          1,
          1,
          1,
          null
        ]
      },
      "E:/rails/Artist-Directory/artist_directory/app/controllers/categories_controller.rb": {
        "lines": [
          null,
          null,
          null,
          1,
          1,
          1,
          null,
          null,
          1,
          1,
          null,
          null,
          null,
          1,
          null,
          null,
          1,
          1,
          null,
          null,
          null,
          1,
          null,
          null,
          1,
          2,
          null,
          2,
          2,
          2,
          1,
          null,
          2,
          1,
          null,
          null,
          null,
          null,
          null,
          1,
          2,
          2,
          2,
          1,
          null,
          2,
          1,
          null,
          null,
          null,
          null,
          null,
          1,
          1,
          null,
          1,
          2,
          1,
          null,
          null,
          null,
          1,
          null,
          null,
          1,
          7,
          null,
          null,
          null,
          1,
          4,
          null,
          null
        ]
      },
      "E:/rails/Artist-Directory/artist_directory/app/controllers/comments_controller.rb": {
        "lines": [
          null,
          null,
          null,
          1,
          1,
          1,
          1,
          1,
          3,
          3,
          3,
          3,
          3,
          4,
          null,
          2,
          null,
          null,
          null,
          null,
          1,
          1,
          1,
          1,
          1,
          null,
          null,
          1,
          1,
          1,
          1,
          null,
          null,
          1,
          1,
          1,
          1,
          null,
          null,
          1,
          null,
          1,
          3,
          null,
          null,
          1,
          4,
          4,
          null,
          1,
          null,
          null,
          null
        ]
      },
      "E:/rails/Artist-Directory/artist_directory/app/controllers/users/registrations_controller.rb": {
        "lines": [
          null,
          null,
          1,
          null,
          1,
          1,
          1,
          null,
          null,
          null,
          null,
          null,
          null,
          null,
          null,
          null,
          null,
          null,
          null,
          null,
          null,
          null,
          null,
          null,
          null,
          null,
          null,
          null,
          null,
          null,
          null,
          null,
          null,
          null,
          null,
          null,
          null,
          null,
          null,
          null,
          null,
          1,
          4,
          null,
          null,
          null,
          1,
          4,
          null,
          null,
          null,
          null,
          null,
          null,
          null,
          null,
          null,
          null,
          null,
          null,
          null
        ]
      },
      "E:/rails/Artist-Directory/artist_directory/app/channels/application_cable/channel.rb": {
        "lines": [
          null,
          null,
          0,
          0,
          0,
          0
        ],
        "branches": {
        }
      },
      "E:/rails/Artist-Directory/artist_directory/app/channels/application_cable/connection.rb": {
        "lines": [
          null,
          null,
          0,
          0,
          0,
          0
        ],
        "branches": {
        }
      },
      "E:/rails/Artist-Directory/artist_directory/app/controllers/users/confirmations_controller.rb": {
        "lines": [
          null,
          null,
          0,
          0,
          null,
          null,
          null,
          null,
          null,
          null,
          null,
          null,
          null,
          null,
          null,
          null,
          null,
          null,
          null,
          null,
          null,
          null,
          null,
          null,
          null,
          null,
          null,
          null,
          null,
          null,
          0,
          0
        ],
        "branches": {
        }
      },
      "E:/rails/Artist-Directory/artist_directory/app/controllers/users/omniauth_callbacks_controller.rb": {
        "lines": [
          null,
          null,
          0,
          0,
          null,
          null,
          null,
          null,
          null,
          null,
          null,
          null,
          null,
          null,
          null,
          null,
          null,
          null,
          null,
          null,
          null,
          null,
          null,
          null,
          null,
          null,
          null,
          null,
          null,
          null,
          0,
          0
        ],
        "branches": {
        }
      },
      "E:/rails/Artist-Directory/artist_directory/app/controllers/users/passwords_controller.rb": {
        "lines": [
          null,
          null,
          0,
          0,
          null,
          null,
          null,
          null,
          null,
          null,
          null,
          null,
          null,
          null,
          null,
          null,
          null,
          null,
          null,
          null,
          null,
          null,
          null,
          null,
          null,
          null,
          null,
          null,
          null,
          null,
          null,
          null,
          null,
          null,
          0,
          0
        ],
        "branches": {
        }
      },
      "E:/rails/Artist-Directory/artist_directory/app/controllers/users/sessions_controller.rb": {
        "lines": [
          null,
          null,
          0,
          0,
          null,
          null,
          null,
          null,
          null,
          null,
          null,
          null,
          null,
          null,
          null,
          null,
          null,
          null,
          null,
          null,
          null,
          null,
          null,
          null,
          null,
          null,
          null,
          0,
          0
        ],
        "branches": {
        }
      },
      "E:/rails/Artist-Directory/artist_directory/app/controllers/users/unlocks_controller.rb": {
        "lines": [
          null,
          null,
          0,
          0,
          null,
          null,
          null,
          null,
          null,
          null,
          null,
          null,
          null,
          null,
          null,
          null,
          null,
          null,
          null,
          null,
          null,
          null,
          null,
          null,
          null,
          null,
          null,
          null,
          null,
          null,
          0,
          0
        ],
        "branches": {
        }
      },
      "E:/rails/Artist-Directory/artist_directory/app/jobs/application_job.rb": {
        "lines": [
          null,
          null,
          0,
          null,
          null,
          null,
          null,
          null,
          0
        ],
        "branches": {
        }
      }
    },
    "timestamp": 1697563979
  }
}
